Build started 06/02/2017 10:46:20.
     1>Project "F:\UWE GAMES TEC WORK\DXTK_Code_Base(1) - Copy\DXTK_Code_Base\Audio\DirectXTKAudio_Desktop_2015_Win8.vcxproj" on node 2 (Build target(s)).
     1>C:\Program Files (x86)\MSBuild\Microsoft.Cpp\v4.0\V140\Microsoft.CppBuild.targets(392,5): warning MSB8028: The intermediate directory (..\Bin\Desktop_2015\Win32\Debug\) contains files shared from another project (DirectXTK_Desktop_2015.vcxproj, Game.vcxproj).  This can lead to incorrect clean and rebuild behavior.
     1>ClCompile:
         C:\Program Files (x86)\Microsoft Visual Studio 14.0\VC\bin\CL.exe /c /I..\Inc /I..\Src /ZI /nologo /W4 /WX- /Od /Oy- /D _WIN32_WINNT=0x0602 /D WIN32 /D _DEBUG /D _LIB /D _CRT_STDIO_ARBITRARY_WIDE_SPECIFIERS /D _UNICODE /D UNICODE /Gm /EHsc /RTC1 /MDd /GS /arch:SSE2 /fp:fast /Zc:wchar_t /Zc:forScope /Zc:inline /Yc"pch.h" /Fp"..\Bin\Desktop_2015\Win32\Debug\DirectXTKAudioWin8.pch" /Fo"..\Bin\Desktop_2015\Win32\Debug\\" /Fd"..\Bin\Desktop_2015\Win32\Debug\DirectXTKAudioWin8.pdb" /Gd /TP /analyze- /errorReport:prompt AudioEngine.cpp
         AudioEngine.cpp
         C:\Program Files (x86)\Microsoft Visual Studio 14.0\VC\bin\CL.exe /c /I..\Inc /I..\Src /ZI /nologo /W4 /WX- /Od /Oy- /D _WIN32_WINNT=0x0602 /D WIN32 /D _DEBUG /D _LIB /D _CRT_STDIO_ARBITRARY_WIDE_SPECIFIERS /D _UNICODE /D UNICODE /Gm /EHsc /RTC1 /MDd /GS /arch:SSE2 /fp:fast /Zc:wchar_t /Zc:forScope /Zc:inline /Yu"pch.h" /Fp"..\Bin\Desktop_2015\Win32\Debug\DirectXTKAudioWin8.pch" /Fo"..\Bin\Desktop_2015\Win32\Debug\\" /Fd"..\Bin\Desktop_2015\Win32\Debug\DirectXTKAudioWin8.pdb" /Gd /TP /analyze- /errorReport:prompt DynamicSoundEffectInstance.cpp SoundCommon.cpp SoundEffect.cpp SoundEffectInstance.cpp WaveBank.cpp WaveBankReader.cpp WAVFileReader.cpp
         WAVFileReader.cpp
         WaveBankReader.cpp
         WaveBank.cpp
         SoundEffectInstance.cpp
         SoundEffect.cpp
         SoundCommon.cpp
         DynamicSoundEffectInstance.cpp
         Generating Code...
       Lib:
         C:\Program Files (x86)\Microsoft Visual Studio 14.0\VC\bin\Lib.exe /OUT:"..\Bin\Desktop_2015\Win32\Debug\DirectXTKAudioWin8.lib" /NOLOGO ..\Bin\Desktop_2015\Win32\Debug\AudioEngine.obj
         ..\Bin\Desktop_2015\Win32\Debug\DynamicSoundEffectInstance.obj
         ..\Bin\Desktop_2015\Win32\Debug\SoundCommon.obj
         ..\Bin\Desktop_2015\Win32\Debug\SoundEffect.obj
         ..\Bin\Desktop_2015\Win32\Debug\SoundEffectInstance.obj
         ..\Bin\Desktop_2015\Win32\Debug\WaveBank.obj
         ..\Bin\Desktop_2015\Win32\Debug\WaveBankReader.obj
         ..\Bin\Desktop_2015\Win32\Debug\WAVFileReader.obj
         DirectXTKAudio_Desktop_2015_Win8.vcxproj -> F:\UWE GAMES TEC WORK\DXTK_Code_Base(1) - Copy\DXTK_Code_Base\Audio\..\Bin\Desktop_2015\Win32\Debug\DirectXTKAudioWin8.lib
     1>Done Building Project "F:\UWE GAMES TEC WORK\DXTK_Code_Base(1) - Copy\DXTK_Code_Base\Audio\DirectXTKAudio_Desktop_2015_Win8.vcxproj" (Build target(s)).

Build succeeded.

Time Elapsed 00:01:47.53
