f:\uwe games tec work\dxtk_code_base(1)\dxtk_code_base\bin\desktop_2015\win32\debug\directxtk.pch
f:\uwe games tec work\dxtk_code_base(1)\dxtk_code_base\bin\desktop_2015\win32\debug\directxtk.pdb
f:\uwe games tec work\dxtk_code_base(1)\dxtk_code_base\bin\desktop_2015\win32\debug\directxtk.idb
f:\uwe games tec work\dxtk_code_base(1)\dxtk_code_base\bin\desktop_2015\win32\debug\pch.obj
f:\uwe games tec work\dxtk_code_base(1)\dxtk_code_base\bin\desktop_2015\win32\debug\environmentmapeffect.obj
f:\uwe games tec work\dxtk_code_base(1)\dxtk_code_base\bin\desktop_2015\win32\debug\gamepad.obj
f:\uwe games tec work\dxtk_code_base(1)\dxtk_code_base\bin\desktop_2015\win32\debug\geometricprimitive.obj
f:\uwe games tec work\dxtk_code_base(1)\dxtk_code_base\bin\desktop_2015\win32\debug\geometry.obj
f:\uwe games tec work\dxtk_code_base(1)\dxtk_code_base\bin\desktop_2015\win32\debug\graphicsmemory.obj
f:\uwe games tec work\dxtk_code_base(1)\dxtk_code_base\bin\desktop_2015\win32\debug\keyboard.obj
f:\uwe games tec work\dxtk_code_base(1)\dxtk_code_base\bin\desktop_2015\win32\debug\model.obj
f:\uwe games tec work\dxtk_code_base(1)\dxtk_code_base\bin\desktop_2015\win32\debug\modelloadcmo.obj
f:\uwe games tec work\dxtk_code_base(1)\dxtk_code_base\bin\desktop_2015\win32\debug\modelloadsdkmesh.obj
f:\uwe games tec work\dxtk_code_base(1)\dxtk_code_base\bin\desktop_2015\win32\debug\modelloadvbo.obj
f:\uwe games tec work\dxtk_code_base(1)\dxtk_code_base\bin\desktop_2015\win32\debug\mouse.obj
f:\uwe games tec work\dxtk_code_base(1)\dxtk_code_base\bin\desktop_2015\win32\debug\normalmapeffect.obj
f:\uwe games tec work\dxtk_code_base(1)\dxtk_code_base\bin\desktop_2015\win32\debug\screengrab.obj
f:\uwe games tec work\dxtk_code_base(1)\dxtk_code_base\bin\desktop_2015\win32\debug\simplemath.obj
f:\uwe games tec work\dxtk_code_base(1)\dxtk_code_base\bin\desktop_2015\win32\debug\skinnedeffect.obj
f:\uwe games tec work\dxtk_code_base(1)\dxtk_code_base\bin\desktop_2015\win32\debug\spritebatch.obj
f:\uwe games tec work\dxtk_code_base(1)\dxtk_code_base\bin\desktop_2015\win32\debug\primitivebatch.obj
f:\uwe games tec work\dxtk_code_base(1)\dxtk_code_base\bin\desktop_2015\win32\debug\spritefont.obj
f:\uwe games tec work\dxtk_code_base(1)\dxtk_code_base\bin\desktop_2015\win32\debug\vertextypes.obj
f:\uwe games tec work\dxtk_code_base(1)\dxtk_code_base\bin\desktop_2015\win32\debug\wictextureloader.obj
f:\uwe games tec work\dxtk_code_base(1)\dxtk_code_base\bin\desktop_2015\win32\debug\alphatesteffect.obj
f:\uwe games tec work\dxtk_code_base(1)\dxtk_code_base\bin\desktop_2015\win32\debug\basiceffect.obj
f:\uwe games tec work\dxtk_code_base(1)\dxtk_code_base\bin\desktop_2015\win32\debug\commonstates.obj
f:\uwe games tec work\dxtk_code_base(1)\dxtk_code_base\bin\desktop_2015\win32\debug\ddstextureloader.obj
f:\uwe games tec work\dxtk_code_base(1)\dxtk_code_base\bin\desktop_2015\win32\debug\dgsleffect.obj
f:\uwe games tec work\dxtk_code_base(1)\dxtk_code_base\bin\desktop_2015\win32\debug\dgsleffectfactory.obj
f:\uwe games tec work\dxtk_code_base(1)\dxtk_code_base\bin\desktop_2015\win32\debug\dualtextureeffect.obj
f:\uwe games tec work\dxtk_code_base(1)\dxtk_code_base\bin\desktop_2015\win32\debug\binaryreader.obj
f:\uwe games tec work\dxtk_code_base(1)\dxtk_code_base\bin\desktop_2015\win32\debug\effectcommon.obj
f:\uwe games tec work\dxtk_code_base(1)\dxtk_code_base\bin\desktop_2015\win32\debug\effectfactory.obj
f:\uwe games tec work\dxtk_code_base(1)\dxtk_code_base\bin\desktop_2015\win32\debug\directxtk.lib
f:\uwe games tec work\dxtk_code_base(1)\dxtk_code_base\bin\desktop_2015\win32\debug\audioengine.obj
f:\uwe games tec work\dxtk_code_base(1)\dxtk_code_base\bin\desktop_2015\win32\debug\dynamicsoundeffectinstance.obj
f:\uwe games tec work\dxtk_code_base(1)\dxtk_code_base\bin\desktop_2015\win32\debug\soundcommon.obj
f:\uwe games tec work\dxtk_code_base(1)\dxtk_code_base\bin\desktop_2015\win32\debug\soundeffect.obj
f:\uwe games tec work\dxtk_code_base(1)\dxtk_code_base\bin\desktop_2015\win32\debug\soundeffectinstance.obj
f:\uwe games tec work\dxtk_code_base(1)\dxtk_code_base\bin\desktop_2015\win32\debug\wavebank.obj
f:\uwe games tec work\dxtk_code_base(1)\dxtk_code_base\bin\desktop_2015\win32\debug\wavebankreader.obj
f:\uwe games tec work\dxtk_code_base(1)\dxtk_code_base\bin\desktop_2015\win32\debug\wavfilereader.obj
f:\uwe games tec work\dxtk_code_base(1)\dxtk_code_base\bin\desktop_2015\win32\debug\camera.obj
f:\uwe games tec work\dxtk_code_base(1)\dxtk_code_base\bin\desktop_2015\win32\debug\bullet.obj
f:\uwe games tec work\dxtk_code_base(1)\dxtk_code_base\bin\desktop_2015\win32\debug\cmogo.obj
f:\uwe games tec work\dxtk_code_base(1)\dxtk_code_base\bin\desktop_2015\win32\debug\gameobject.obj
f:\uwe games tec work\dxtk_code_base(1)\dxtk_code_base\bin\desktop_2015\win32\debug\game.obj
f:\uwe games tec work\dxtk_code_base(1)\dxtk_code_base\bin\desktop_2015\win32\debug\terrain.obj
f:\uwe games tec work\dxtk_code_base(1)\dxtk_code_base\bin\desktop_2015\win32\debug\tpscamera.obj
f:\uwe games tec work\dxtk_code_base(1)\dxtk_code_base\bin\desktop_2015\win32\debug\vehicle.obj
f:\uwe games tec work\dxtk_code_base(1)\dxtk_code_base\bin\desktop_2015\win32\debug\gun.obj
f:\uwe games tec work\dxtk_code_base(1)\dxtk_code_base\bin\desktop_2015\win32\debug\directxtkaudiowin8.pch
f:\uwe games tec work\dxtk_code_base(1)\dxtk_code_base\bin\desktop_2015\win32\debug\directxtkaudiowin8.idb
f:\uwe games tec work\dxtk_code_base(1)\dxtk_code_base\bin\desktop_2015\win32\debug\game.idb
f:\uwe games tec work\dxtk_code_base(1)\dxtk_code_base\bin\desktop_2015\win32\debug\directxtkaudiowin8.pdb
f:\uwe games tec work\dxtk_code_base(1)\dxtk_code_base\bin\desktop_2015\win32\debug\game.pdb
f:\uwe games tec work\dxtk_code_base(1)\dxtk_code_base\bin\desktop_2015\win32\debug\directxt.e0b52ae7.tlog\cl.read.1.tlog
f:\uwe games tec work\dxtk_code_base(1)\dxtk_code_base\bin\desktop_2015\win32\debug\directxt.e0b52ae7.tlog\cl.write.1.tlog
f:\uwe games tec work\dxtk_code_base(1)\dxtk_code_base\bin\desktop_2015\win32\debug\directxt.e0b52ae7.tlog\cl.command.1.tlog
f:\uwe games tec work\dxtk_code_base(1)\dxtk_code_base\bin\desktop_2015\win32\debug\directxt.e0b52ae7.tlog\lib-link.read.1.tlog
f:\uwe games tec work\dxtk_code_base(1)\dxtk_code_base\bin\desktop_2015\win32\debug\directxt.e0b52ae7.tlog\lib-link.write.1.tlog
f:\uwe games tec work\dxtk_code_base(1)\dxtk_code_base\bin\desktop_2015\win32\debug\directxt.e0b52ae7.tlog\lib.command.1.tlog
