f:\uwe games tec work\dxtk_code_base(1)\dxtk_code_base\bin\desktop_2015\win32\debug\directxtkaudiowin8.pch
f:\uwe games tec work\dxtk_code_base(1)\dxtk_code_base\bin\desktop_2015\win32\debug\directxtkaudiowin8.pdb
f:\uwe games tec work\dxtk_code_base(1)\dxtk_code_base\bin\desktop_2015\win32\debug\directxtkaudiowin8.idb
f:\uwe games tec work\dxtk_code_base(1)\dxtk_code_base\bin\desktop_2015\win32\debug\audioengine.obj
f:\uwe games tec work\dxtk_code_base(1)\dxtk_code_base\bin\desktop_2015\win32\debug\dynamicsoundeffectinstance.obj
f:\uwe games tec work\dxtk_code_base(1)\dxtk_code_base\bin\desktop_2015\win32\debug\soundcommon.obj
f:\uwe games tec work\dxtk_code_base(1)\dxtk_code_base\bin\desktop_2015\win32\debug\soundeffect.obj
f:\uwe games tec work\dxtk_code_base(1)\dxtk_code_base\bin\desktop_2015\win32\debug\soundeffectinstance.obj
f:\uwe games tec work\dxtk_code_base(1)\dxtk_code_base\bin\desktop_2015\win32\debug\wavebank.obj
f:\uwe games tec work\dxtk_code_base(1)\dxtk_code_base\bin\desktop_2015\win32\debug\wavebankreader.obj
f:\uwe games tec work\dxtk_code_base(1)\dxtk_code_base\bin\desktop_2015\win32\debug\wavfilereader.obj
f:\uwe games tec work\dxtk_code_base(1)\dxtk_code_base\bin\desktop_2015\win32\debug\directxtkaudiowin8.lib
f:\uwe games tec work\dxtk_code_base(1)\dxtk_code_base\bin\desktop_2015\win32\debug\camera.obj
f:\uwe games tec work\dxtk_code_base(1)\dxtk_code_base\bin\desktop_2015\win32\debug\bullet.obj
f:\uwe games tec work\dxtk_code_base(1)\dxtk_code_base\bin\desktop_2015\win32\debug\cmogo.obj
f:\uwe games tec work\dxtk_code_base(1)\dxtk_code_base\bin\desktop_2015\win32\debug\gameobject.obj
f:\uwe games tec work\dxtk_code_base(1)\dxtk_code_base\bin\desktop_2015\win32\debug\game.obj
f:\uwe games tec work\dxtk_code_base(1)\dxtk_code_base\bin\desktop_2015\win32\debug\terrain.obj
f:\uwe games tec work\dxtk_code_base(1)\dxtk_code_base\bin\desktop_2015\win32\debug\tpscamera.obj
f:\uwe games tec work\dxtk_code_base(1)\dxtk_code_base\bin\desktop_2015\win32\debug\vehicle.obj
f:\uwe games tec work\dxtk_code_base(1)\dxtk_code_base\bin\desktop_2015\win32\debug\gun.obj
f:\uwe games tec work\dxtk_code_base(1)\dxtk_code_base\bin\desktop_2015\win32\debug\game.idb
f:\uwe games tec work\dxtk_code_base(1)\dxtk_code_base\bin\desktop_2015\win32\debug\game.pdb
f:\uwe games tec work\dxtk_code_base(1)\dxtk_code_base\audio\..\bin\desktop_2015\win32\debug\directxtkaudiowin8.lib
f:\uwe games tec work\dxtk_code_base(1)\dxtk_code_base\bin\desktop_2015\win32\debug\directxt.4f150a30.tlog\cl.read.1.tlog
f:\uwe games tec work\dxtk_code_base(1)\dxtk_code_base\bin\desktop_2015\win32\debug\directxt.4f150a30.tlog\cl.write.1.tlog
f:\uwe games tec work\dxtk_code_base(1)\dxtk_code_base\bin\desktop_2015\win32\debug\directxt.4f150a30.tlog\cl.command.1.tlog
f:\uwe games tec work\dxtk_code_base(1)\dxtk_code_base\bin\desktop_2015\win32\debug\directxt.4f150a30.tlog\lib-link.read.1.tlog
f:\uwe games tec work\dxtk_code_base(1)\dxtk_code_base\bin\desktop_2015\win32\debug\directxt.4f150a30.tlog\lib-link.write.1.tlog
f:\uwe games tec work\dxtk_code_base(1)\dxtk_code_base\bin\desktop_2015\win32\debug\directxt.4f150a30.tlog\lib.command.1.tlog
