f:\uwe games tec work\dxtk_code_base(1)\dxtk_code_base\debug\eagle.cmo
f:\uwe games tec work\dxtk_code_base(1)\dxtk_code_base\debug\_program files (x86)_microsoft visual studio 14.0_common7_ide_extensions_microsoft_vsgraphics_assets_effects_phong.dgsl.cso
f:\uwe games tec work\dxtk_code_base(1)\dxtk_code_base\debug\tankcannon.cmo
f:\uwe games tec work\dxtk_code_base(1)\dxtk_code_base\debug\desert fbx.cmo
f:\uwe games tec work\dxtk_code_base(1)\dxtk_code_base\debug\_uwe games tec work_dxtk__code__base(1)_dxtk__code__base_assets_assests_sand tex.jpg.dds
c:\programdata\nvidia corporation\drs\nvapptimestamps
f:\uwe games tec work\dxtk_code_base(1)\dxtk_code_base\debug\mech1.cmo
f:\uwe games tec work\dxtk_code_base(1)\dxtk_code_base\assets\assests\debug\assests.tlog\meshcontenttask-vsgraphics.read.2.tlog
f:\uwe games tec work\dxtk_code_base(1)\dxtk_code_base\assets\assests\debug\assests.tlog\meshcontenttask-vsgraphics.write.2.tlog
f:\uwe games tec work\dxtk_code_base(1)\dxtk_code_base\assets\assests\debug\assests.tlog\meshcontenttask-vsgraphics.read.1.tlog
f:\uwe games tec work\dxtk_code_base(1)\dxtk_code_base\assets\assests\debug\assests.tlog\meshcontenttask-vsgraphics.write.1.tlog
f:\uwe games tec work\dxtk_code_base(1)\dxtk_code_base\assets\assests\debug\assests.tlog\meshcontenttask-vsgraphics.12996.read.2.tlog
f:\uwe games tec work\dxtk_code_base(1)\dxtk_code_base\assets\assests\debug\assests.tlog\meshcontenttask-vsgraphics.12996.write.2.tlog
f:\uwe games tec work\dxtk_code_base(1)\dxtk_code_base\assets\assests\debug\assests.tlog\meshcontenttask-vsgraphics.12996.read.1.tlog
f:\uwe games tec work\dxtk_code_base(1)\dxtk_code_base\assets\assests\debug\assests.tlog\meshcontenttask-vsgraphics.12996.write.1.tlog
f:\uwe games tec work\dxtk_code_base(1)\dxtk_code_base\assets\assests\debug\assests.tlog\meshcontenttask-vsgraphics.13176.read.2.tlog
f:\uwe games tec work\dxtk_code_base(1)\dxtk_code_base\assets\assests\debug\assests.tlog\meshcontenttask-vsgraphics.13176.write.2.tlog
f:\uwe games tec work\dxtk_code_base(1)\dxtk_code_base\assets\assests\debug\assests.tlog\meshcontenttask-vsgraphics.13176.read.1.tlog
f:\uwe games tec work\dxtk_code_base(1)\dxtk_code_base\assets\assests\debug\assests.tlog\meshcontenttask-vsgraphics.13176.write.1.tlog
f:\uwe games tec work\dxtk_code_base(1)\dxtk_code_base\assets\assests\debug\assests.tlog\meshcontenttask-vsgraphics.12576.read.2.tlog
f:\uwe games tec work\dxtk_code_base(1)\dxtk_code_base\assets\assests\debug\assests.tlog\meshcontenttask-vsgraphics.12576.write.2.tlog
f:\uwe games tec work\dxtk_code_base(1)\dxtk_code_base\assets\assests\debug\assests.tlog\meshcontenttask-vsgraphics.12576.read.1.tlog
f:\uwe games tec work\dxtk_code_base(1)\dxtk_code_base\assets\assests\debug\assests.tlog\meshcontenttask-vsgraphics.12576.write.1.tlog
f:\uwe games tec work\dxtk_code_base(1)\dxtk_code_base\assets\assests\debug\assests.tlog\meshcontenttask-vsgraphics.10680.read.2.tlog
f:\uwe games tec work\dxtk_code_base(1)\dxtk_code_base\assets\assests\debug\assests.tlog\meshcontenttask-vsgraphics.10680.write.2.tlog
f:\uwe games tec work\dxtk_code_base(1)\dxtk_code_base\assets\assests\debug\assests.tlog\meshcontenttask-vsgraphics.10680.read.1.tlog
f:\uwe games tec work\dxtk_code_base(1)\dxtk_code_base\assets\assests\debug\assests.tlog\meshcontenttask-vsgraphics.10680.write.1.tlog
f:\uwe games tec work\dxtk_code_base(1)\dxtk_code_base\assets\assests\debug\assests.tlog\meshcontenttask-vsgraphics.24504.read.2.tlog
f:\uwe games tec work\dxtk_code_base(1)\dxtk_code_base\assets\assests\debug\assests.tlog\meshcontenttask-vsgraphics.24504.write.2.tlog
f:\uwe games tec work\dxtk_code_base(1)\dxtk_code_base\assets\assests\debug\assests.tlog\meshcontenttask-vsgraphics.24504.read.1.tlog
f:\uwe games tec work\dxtk_code_base(1)\dxtk_code_base\assets\assests\debug\assests.tlog\meshcontenttask-vsgraphics.24504.write.1.tlog
