Build started 06/02/2017 10:49:12.
     1>Project "F:\UWE GAMES TEC WORK\DXTK_Code_Base(1) - Copy\DXTK_Code_Base\Application\Application.vcxproj" on node 3 (Build target(s)).
     1>ClCompile:
         C:\Program Files (x86)\Microsoft Visual Studio 14.0\VC\bin\CL.exe /c /I..\Game /I..\Inc /ZI /nologo /W4 /WX- /Od /Oi /Oy- /D WIN32 /D _DEBUG /D DEBUG /D PROFILE /D _WINDOWS /D _WIN32_WINNT=0x0600 /D _UNICODE /D UNICODE /Gm- /EHsc /RTC1 /MDd /GS /arch:SSE2 /fp:fast /Zc:wchar_t /Zc:forScope /Zc:inline /openmp- /Fo"Debug\\" /Fd"Debug\vc140.pdb" /Gd /TP /analyze- /errorReport:prompt  Application.cpp main.cpp
         Application.cpp
         c:\program files (x86)\windows kits\8.1\include\um\dinput.h: DIRECTINPUT_VERSION undefined. Defaulting to version 0x0800
         main.cpp
         c:\program files (x86)\windows kits\8.1\include\um\dinput.h: DIRECTINPUT_VERSION undefined. Defaulting to version 0x0800
     1>f:\uwe games tec work\dxtk_code_base(1) - copy\dxtk_code_base\application\main.cpp(20): warning C4996: 'freopen': This function or variable may be unsafe. Consider using freopen_s instead. To disable deprecation, use _CRT_SECURE_NO_WARNINGS. See online help for details.
         c:\program files (x86)\windows kits\10\include\10.0.10150.0\ucrt\stdio.h(240): note: see declaration of 'freopen'
     1>f:\uwe games tec work\dxtk_code_base(1) - copy\dxtk_code_base\application\main.cpp(30): warning C4189: 'myGame': local variable is initialized but not referenced
         Generating Code...
       ResourceCompile:
         C:\Program Files (x86)\Windows Kits\8.1\bin\x86\rc.exe /D _UNICODE /D UNICODE /l"0x0409" /nologo /fo"Debug\Application.res" Application.rc 
       Link:
         C:\Program Files (x86)\Microsoft Visual Studio 14.0\VC\bin\link.exe /ERRORREPORT:PROMPT /OUT:"F:\UWE GAMES TEC WORK\DXTK_Code_Base(1) - Copy\DXTK_Code_Base\Debug\Application.exe" /INCREMENTAL /NOLOGO d3d11.lib d3dcompiler.lib dxguid.lib winmm.lib comctl32.lib kernel32.lib user32.lib gdi32.lib winspool.lib comdlg32.lib advapi32.lib shell32.lib ole32.lib oleaut32.lib uuid.lib odbc32.lib odbccp32.lib game.lib DirectXTK.lib DirectXTKAudioWin8.lib dinput8.lib /MANIFEST /MANIFESTUAC:"level='asInvoker' uiAccess='false'" /manifest:embed /manifestinput:"C:\Program Files (x86)\Microsoft Visual Studio 14.0\VC\Include\Manifest\dpiaware.manifest" /Debug /PDB:"F:\UWE GAMES TEC WORK\DXTK_Code_Base(1) - Copy\DXTK_Code_Base\Debug\Application.pdb" /SUBSYSTEM:WINDOWS /LARGEADDRESSAWARE /TLBID:1 /DYNAMICBASE /NXCOMPAT /IMPLIB:"F:\UWE GAMES TEC WORK\DXTK_Code_Base(1) - Copy\DXTK_Code_Base\Debug\Application.lib" /MACHINE:X86 /SAFESEH  Debug\Application.res
         Debug\Application.obj
         Debug\main.obj
     1>Application.obj : warning LNK4075: ignoring '/EDITANDCONTINUE' due to '/SAFESEH' specification
         Application.vcxproj -> F:\UWE GAMES TEC WORK\DXTK_Code_Base(1) - Copy\DXTK_Code_Base\Debug\Application.exe
     1>Done Building Project "F:\UWE GAMES TEC WORK\DXTK_Code_Base(1) - Copy\DXTK_Code_Base\Application\Application.vcxproj" (Build target(s)).

Build succeeded.

Time Elapsed 00:00:16.18
